<?xml version="1.0" encoding="UTF-8"?>
<testng-results ignored="0" total="1" passed="1" failed="0" skipped="0">
  <reporter-output>
  </reporter-output>
  <suite started-at="2022-03-05T12:25:17 IST" name="Default suite" finished-at="2022-03-05T12:25:17 IST" duration-ms="117">
    <groups>
    </groups>
    <test started-at="2022-03-05T12:25:17 IST" name="Default test" finished-at="2022-03-05T12:25:17 IST" duration-ms="117">
      <class name="TestNG.Demo">
        <test-method signature="demo()[pri:0, instance:TestNG.Demo@7e5afaa6]" started-at="2022-03-05T12:25:17 IST" name="demo" finished-at="2022-03-05T12:25:17 IST" duration-ms="16" status="PASS">
          <reporter-output>
          </reporter-output>
        </test-method> <!-- demo -->
      </class> <!-- TestNG.Demo -->
    </test> <!-- Default test -->
  </suite> <!-- Default suite -->
</testng-results>
